2020-12-24T07:05:19+00:00 CRITICAL Uncaught Error: Call to a member function get_field() on bool in D:\www\artist-corner-demo\wp-content\themes\my-listing-child\customizer\theme-functions\listing-types.php:152
Stack trace:
#0 D:\www\artist-corner-demo\wp-content\themes\my-listing-child\customizer\theme-functions\single-listing-types.php(60): get_profile_social_networks(Object(WP_Post))
#1 D:\www\artist-corner-demo\wp-content\themes\my-listing-child\customizer\theme-functions\single-listing-types.php(355): print_single_profile_listing_detail_tab()
#2 D:\www\artist-corner-demo\wp-content\themes\my-listing-child\templates\listing.php(133): print_single_profile_listing_content_tabs()
#3 D:\www\artist-corner-demo\wp-includes\template.php(732): require('D:\\www\\artist-c...')
#4 D:\www\artist-corner-demo\wp-includes\template.php(676): load_template('D:\\www\\artist-c...', false, Array)
#5 D:\www\artist-corner-demo\wp-includes\general-template.php(204): locate_template(Array, true, false, Array)
#6 D:\www\artist-corner-demo\wp-content\themes\my-listi in D:\www\artist-corner-demo\wp-content\themes\my-listing-child\customizer\theme-functions\listing-types.php on line 152

2020-12-24T07:33:27+00:00 CRITICAL syntax error, unexpected '}', expecting elseif (T_ELSEIF) or else (T_ELSE) or endif (T_ENDIF) in D:\www\artist-corner-demo\wp-content\themes\my-listing-child\customizer\theme-functions\single-listing-types.php on line 366

2020-12-24T07:33:31+00:00 CRITICAL syntax error, unexpected '}', expecting elseif (T_ELSEIF) or else (T_ELSE) or endif (T_ENDIF) in D:\www\artist-corner-demo\wp-content\themes\my-listing-child\customizer\theme-functions\single-listing-types.php on line 366

2020-12-24T07:33:35+00:00 CRITICAL syntax error, unexpected '}', expecting elseif (T_ELSEIF) or else (T_ELSE) or endif (T_ENDIF) in D:\www\artist-corner-demo\wp-content\themes\my-listing-child\customizer\theme-functions\single-listing-types.php on line 366

2020-12-24T07:34:07+00:00 CRITICAL syntax error, unexpected '}', expecting elseif (T_ELSEIF) or else (T_ELSE) or endif (T_ENDIF) in D:\www\artist-corner-demo\wp-content\themes\my-listing-child\customizer\theme-functions\single-listing-types.php on line 366

2020-12-24T07:35:12+00:00 CRITICAL syntax error, unexpected '}', expecting elseif (T_ELSEIF) or else (T_ELSE) or endif (T_ENDIF) in D:\www\artist-corner-demo\wp-content\themes\my-listing-child\customizer\theme-functions\single-listing-types.php on line 366

2020-12-24T07:36:42+00:00 CRITICAL syntax error, unexpected '}', expecting elseif (T_ELSEIF) or else (T_ELSE) or endif (T_ENDIF) in D:\www\artist-corner-demo\wp-content\themes\my-listing-child\customizer\theme-functions\single-listing-types.php on line 366

2020-12-24T07:36:46+00:00 CRITICAL syntax error, unexpected '}', expecting elseif (T_ELSEIF) or else (T_ELSE) or endif (T_ENDIF) in D:\www\artist-corner-demo\wp-content\themes\my-listing-child\customizer\theme-functions\single-listing-types.php on line 366

2020-12-24T07:36:50+00:00 CRITICAL syntax error, unexpected '}', expecting elseif (T_ELSEIF) or else (T_ELSE) or endif (T_ENDIF) in D:\www\artist-corner-demo\wp-content\themes\my-listing-child\customizer\theme-functions\single-listing-types.php on line 366

2020-12-24T07:36:54+00:00 CRITICAL syntax error, unexpected '}', expecting elseif (T_ELSEIF) or else (T_ELSE) or endif (T_ENDIF) in D:\www\artist-corner-demo\wp-content\themes\my-listing-child\customizer\theme-functions\single-listing-types.php on line 366

2020-12-24T08:05:25+00:00 CRITICAL Uncaught Error: Call to a member function get_field() on bool in D:\www\artist-corner-demo\wp-content\themes\my-listing-child\customizer\theme-functions\listing-types.php:170
Stack trace:
#0 D:\www\artist-corner-demo\wp-content\themes\my-listing-child\customizer\theme-functions\single-listing-types.php(65): get_profile_galleries(Object(WP_Post))
#1 D:\www\artist-corner-demo\wp-content\themes\my-listing-child\customizer\theme-functions\single-listing-types.php(515): print_single_profile_listing_detail_tab()
#2 D:\www\artist-corner-demo\wp-content\themes\my-listing-child\templates\listing.php(133): print_single_profile_listing_content_tabs()
#3 D:\www\artist-corner-demo\wp-includes\template.php(732): require('D:\\www\\artist-c...')
#4 D:\www\artist-corner-demo\wp-includes\template.php(676): load_template('D:\\www\\artist-c...', false, Array)
#5 D:\www\artist-corner-demo\wp-includes\general-template.php(204): locate_template(Array, true, false, Array)
#6 D:\www\artist-corner-demo\wp-content\themes\my-listing\sin in D:\www\artist-corner-demo\wp-content\themes\my-listing-child\customizer\theme-functions\listing-types.php on line 170

