2020-12-22T08:25:32+00:00 CRITICAL syntax error, unexpected 'listing' (T_STRING) in D:\www\artist-corner-demo\wp-content\themes\my-listing-child\customizer\theme-functions\listing-types.php on line 102

2020-12-22T08:25:36+00:00 CRITICAL syntax error, unexpected 'listing' (T_STRING) in D:\www\artist-corner-demo\wp-content\themes\my-listing-child\customizer\theme-functions\listing-types.php on line 102

2020-12-22T08:37:19+00:00 CRITICAL Uncaught Error: Call to a member function get_field() on bool in D:\www\artist-corner-demo\wp-content\themes\my-listing-child\customizer\theme-functions\listing-types.php:179
Stack trace:
#0 D:\www\artist-corner-demo\wp-content\themes\my-listing-child\customizer\shortcodes\home-explore-providers.php(60): get_profile_company_logo(Object(WP_Post))
#1 D:\www\artist-corner-demo\wp-includes\shortcodes.php(343): __sc_artist_corner_explore_providers(Array, '', 'artistcorner-ex...')
#2 [internal function]: do_shortcode_tag(Array)
#3 D:\www\artist-corner-demo\wp-includes\shortcodes.php(218): preg_replace_callback('/\\[(\\[?)(artist...', 'do_shortcode_ta...', '[artistcorner-e...')
#4 D:\www\artist-corner-demo\wp-content\plugins\elementor\includes\base\widget-base.php(372): do_shortcode('[artistcorner-e...')
#5 D:\www\artist-corner-demo\wp-content\plugins\elementor\includes\widgets\text-editor.php(397): Elementor\Widget_Base->parse_text_editor('[artistcorner-e...')
#6 D:\www\artist-corner-demo\wp-content\plugins\element in D:\www\artist-corner-demo\wp-content\themes\my-listing-child\customizer\theme-functions\listing-types.php on line 179

2020-12-22T08:37:28+00:00 CRITICAL Uncaught Error: Call to a member function get_field() on bool in D:\www\artist-corner-demo\wp-content\themes\my-listing-child\customizer\theme-functions\listing-types.php:179
Stack trace:
#0 D:\www\artist-corner-demo\wp-content\themes\my-listing-child\customizer\shortcodes\home-explore-providers.php(60): get_profile_company_logo(Object(WP_Post))
#1 D:\www\artist-corner-demo\wp-includes\shortcodes.php(343): __sc_artist_corner_explore_providers(Array, '', 'artistcorner-ex...')
#2 [internal function]: do_shortcode_tag(Array)
#3 D:\www\artist-corner-demo\wp-includes\shortcodes.php(218): preg_replace_callback('/\\[(\\[?)(artist...', 'do_shortcode_ta...', '[artistcorner-e...')
#4 D:\www\artist-corner-demo\wp-content\plugins\elementor\includes\base\widget-base.php(372): do_shortcode('[artistcorner-e...')
#5 D:\www\artist-corner-demo\wp-content\plugins\elementor\includes\widgets\text-editor.php(397): Elementor\Widget_Base->parse_text_editor('[artistcorner-e...')
#6 D:\www\artist-corner-demo\wp-content\plugins\element in D:\www\artist-corner-demo\wp-content\themes\my-listing-child\customizer\theme-functions\listing-types.php on line 179

2020-12-22T08:37:44+00:00 CRITICAL Uncaught Error: Call to a member function get_field() on bool in D:\www\artist-corner-demo\wp-content\themes\my-listing-child\customizer\theme-functions\listing-types.php:179
Stack trace:
#0 D:\www\artist-corner-demo\wp-content\themes\my-listing-child\customizer\shortcodes\home-explore-providers.php(60): get_profile_company_logo(Object(WP_Post))
#1 D:\www\artist-corner-demo\wp-includes\shortcodes.php(343): __sc_artist_corner_explore_providers(Array, '', 'artistcorner-ex...')
#2 [internal function]: do_shortcode_tag(Array)
#3 D:\www\artist-corner-demo\wp-includes\shortcodes.php(218): preg_replace_callback('/\\[(\\[?)(artist...', 'do_shortcode_ta...', '[artistcorner-e...')
#4 D:\www\artist-corner-demo\wp-content\plugins\elementor\includes\base\widget-base.php(372): do_shortcode('[artistcorner-e...')
#5 D:\www\artist-corner-demo\wp-content\plugins\elementor\includes\widgets\text-editor.php(397): Elementor\Widget_Base->parse_text_editor('[artistcorner-e...')
#6 D:\www\artist-corner-demo\wp-content\plugins\element in D:\www\artist-corner-demo\wp-content\themes\my-listing-child\customizer\theme-functions\listing-types.php on line 179

2020-12-22T09:03:53+00:00 CRITICAL syntax error, unexpected 'endforeach' (T_ENDFOREACH), expecting elseif (T_ELSEIF) or else (T_ELSE) or endif (T_ENDIF) in D:\www\artist-corner-demo\wp-content\themes\my-listing-child\customizer\shortcodes\home-explore-providers.php on line 191

2020-12-22T10:40:54+00:00 CRITICAL syntax error, unexpected 'endif' (T_ENDIF) in D:\www\artist-corner-demo\wp-content\themes\my-listing-child\customizer\shortcodes\home-explore-providers.php on line 82

2020-12-22T10:57:22+00:00 CRITICAL syntax error, unexpected end of file in D:\www\artist-corner-demo\wp-content\themes\my-listing-child\customizer\theme-functions\listing-types.php on line 473

2020-12-22T10:57:22+00:00 CRITICAL syntax error, unexpected end of file in D:\www\artist-corner-demo\wp-content\themes\my-listing-child\customizer\theme-functions\listing-types.php on line 473

2020-12-22T11:31:35+00:00 CRITICAL Object of class WP_Term could not be converted to string in D:\www\artist-corner-demo\wp-content\themes\my-listing-child\customizer\theme-functions\listing-types.php on line 417

2020-12-22T11:32:06+00:00 CRITICAL Object of class WP_Term could not be converted to string in D:\www\artist-corner-demo\wp-content\themes\my-listing-child\customizer\theme-functions\listing-types.php on line 417

2020-12-22T11:32:11+00:00 CRITICAL Object of class WP_Term could not be converted to string in D:\www\artist-corner-demo\wp-content\themes\my-listing-child\customizer\theme-functions\listing-types.php on line 417

